<?xml version="1.0" encoding="UTF-8"?>
<!-- Generated by org.testng.reporters.JUnitReportReporter -->
<testsuite hostname="AishwaryaVivek" name="testcases.RegTest" tests="2" failures="0" timestamp="30 Dec 2014 14:50:01 GMT" time="0.016" errors="0">
  <testcase name="doRegister" time="0.015" classname="testcases.RegTest"/>
  <testcase name="doRegister" time="0.001" classname="testcases.RegTest"/>
</testsuite> <!-- testcases.RegTest -->
