<?xml version="1.0" encoding="UTF-8"?>
<!-- Generated by org.testng.reporters.JUnitReportReporter -->
<testsuite hostname="AishwaryaVivek" name="testcases.TestCases" tests="4" failures="0" timestamp="30 Dec 2014 14:50:01 GMT" time="0.006" errors="0">
  <testcase name="testA" time="0.002" classname="testcases.TestCases"/>
  <testcase name="testA" time="0.001" classname="testcases.TestCases"/>
  <testcase name="testB" time="0.001" classname="testcases.TestCases"/>
  <testcase name="testB" time="0.002" classname="testcases.TestCases"/>
</testsuite> <!-- testcases.TestCases -->
