<?xml version="1.0" encoding="UTF-8"?>
<!-- Generated by org.testng.reporters.JUnitReportReporter -->
<testsuite hostname="AishwaryaVivek" name="testng_listeners.LoginTest" tests="2" failures="0" timestamp="30 Dec 2014 14:50:01 GMT" time="0.030" errors="0">
  <testcase name="login" time="0.029" classname="testng_listeners.LoginTest"/>
  <testcase name="adminLogin" time="0.001" classname="testng_listeners.LoginTest"/>
</testsuite> <!-- testng_listeners.LoginTest -->
