<?xml version="1.0" encoding="UTF-8"?>
<!-- Generated by org.testng.reporters.JUnitReportReporter -->
<testsuite hostname="AishwaryaVivek" name="testcases.SampleTest" tests="4" failures="0" timestamp="30 Dec 2014 14:50:01 GMT" time="0.006" errors="0">
  <testcase name="testLogin" time="0.002" classname="testcases.SampleTest"/>
  <testcase name="logout" time="0.001" classname="testcases.SampleTest"/>
  <testcase name="testLogin" time="0.002" classname="testcases.SampleTest"/>
  <testcase name="testChangePassword" time="0.001" classname="testcases.SampleTest"/>
</testsuite> <!-- testcases.SampleTest -->
